C51 COMPILER V9.54   MAIN                                                                  11/10/2021 21:25:12 PAGE 1   


C51 COMPILER V9.54, COMPILATION OF MODULE MAIN
OBJECT MODULE PLACED IN .\Objects\main.obj
COMPILER INVOKED BY: C:\Keil_v5\C51\BIN\C51.EXE main.c OPTIMIZE(8,SPEED) BROWSE DEBUG OBJECTEXTEND PRINT(.\Listings\main
                    -.lst) TABS(2) OBJECT(.\Objects\main.obj)

line level    source

   1          #include <REGX52.H>
   2          #include <INTRINS.H>
   3          
   4          //ÑÓÊ±1000msº¯Êý
   5          void Delay1ms(unsigned int hao_miao)    //@11.0592MHz
   6          {
   7   1        while(hao_miao)
   8   1        {
   9   2          unsigned char i, j;
  10   2      
  11   2          _nop_();
  12   2          i = 2;
  13   2          j = 199;
  14   2          do
  15   2          {
  16   3            while (--j);
  17   3          } while (--i);
  18   2          hao_miao--;
  19   2        }
  20   1      }
  21          
  22          
  23          void main()
  24          {
  25   1        P2=0xFE;//1111 1110;
  26   1        Delay1ms(500);
  27   1        P2=0xFD;//1111 1101;
  28   1        Delay1ms(500);
  29   1        P2=0xFB;//1111 1011;
  30   1        Delay1ms(100);
  31   1        P2=0xF7;//1111 0111;
  32   1        Delay1ms(100);
  33   1        P2=0xEF;//1110 1111;
  34   1        Delay1ms(100);
  35   1        P2=0xDF;//1101 1111;
  36   1        Delay1ms(100);
  37   1        P2=0xBF;//1011 1111;
  38   1        Delay1ms(100);
  39   1        P2=0x7f;//0111 1111;
  40   1        Delay1ms(100);
  41   1      }


MODULE INFORMATION:   STATIC OVERLAYABLE
   CODE SIZE        =     89    ----
   CONSTANT SIZE    =   ----    ----
   XDATA SIZE       =   ----    ----
   PDATA SIZE       =   ----    ----
   DATA SIZE        =   ----       2
   IDATA SIZE       =   ----    ----
   BIT SIZE         =   ----    ----
END OF MODULE INFORMATION.


C51 COMPILATION COMPLETE.  0 WARNING(S),  0 ERROR(S)
